<?xml version="1.0" encoding="UTF-8"?>
<!-- Generated by org.testng.reporters.JUnitXMLReporter -->
<testsuite ignored="0" hostname="YuviBala" failures="0" tests="3" name="Test" time="58.748" errors="0" timestamp="2022-12-20T17:01:23 IST">
  <testcase classname="remoteTesting.dockervalidation.chromeTest3" name="cTest3" time="20.79"/>
  <testcase classname="remoteTesting.dockervalidation.chromeTest1" name="cTest1" time="21.427"/>
  <testcase classname="remoteTesting.dockervalidation.chromeTest2" name="cTest2" time="22.621"/>
</testsuite> <!-- Test -->
