<?xml version="1.0" encoding="UTF-8"?>
<testng-results ignored="0" total="3" passed="3" failed="0" skipped="0">
  <reporter-output>
  </reporter-output>
  <suite started-at="2022-12-20T17:00:24 IST" name="Suite" finished-at="2022-12-20T17:01:22 IST" duration-ms="58748">
    <groups>
    </groups>
    <test started-at="2022-12-20T17:00:24 IST" name="Test" finished-at="2022-12-20T17:01:22 IST" duration-ms="58748">
      <class name="remoteTesting.dockervalidation.chromeTest3">
        <test-method signature="cTest3()[pri:0, instance:remoteTesting.dockervalidation.chromeTest3@29626d54]" started-at="2022-12-20T17:01:00 IST" name="cTest3" finished-at="2022-12-20T17:01:21 IST" duration-ms="20790" status="PASS">
          <reporter-output>
          </reporter-output>
        </test-method> <!-- cTest3 -->
      </class> <!-- remoteTesting.dockervalidation.chromeTest3 -->
      <class name="remoteTesting.dockervalidation.chromeTest2">
        <test-method signature="cTest2()[pri:0, instance:remoteTesting.dockervalidation.chromeTest2@5bd03f44]" started-at="2022-12-20T17:01:00 IST" name="cTest2" finished-at="2022-12-20T17:01:22 IST" duration-ms="22621" status="PASS">
          <reporter-output>
          </reporter-output>
        </test-method> <!-- cTest2 -->
      </class> <!-- remoteTesting.dockervalidation.chromeTest2 -->
      <class name="remoteTesting.dockervalidation.chromeTest1">
        <test-method is-config="true" signature="startDocker_scale()[pri:0, instance:remoteTesting.dockervalidation.chromeTest1@470f1802]" started-at="2022-12-20T17:00:24 IST" name="startDocker_scale" finished-at="2022-12-20T17:01:00 IST" duration-ms="36037" status="PASS">
          <reporter-output>
          </reporter-output>
        </test-method> <!-- startDocker_scale -->
        <test-method signature="cTest1()[pri:0, instance:remoteTesting.dockervalidation.chromeTest1@470f1802]" started-at="2022-12-20T17:01:00 IST" name="cTest1" finished-at="2022-12-20T17:01:21 IST" duration-ms="21427" status="PASS">
          <reporter-output>
          </reporter-output>
        </test-method> <!-- cTest1 -->
        <test-method is-config="true" signature="stopBat()[pri:0, instance:remoteTesting.dockervalidation.chromeTest1@470f1802]" started-at="2022-12-20T17:01:22 IST" name="stopBat" finished-at="2022-12-20T17:01:22 IST" duration-ms="14" status="PASS">
          <reporter-output>
          </reporter-output>
        </test-method> <!-- stopBat -->
      </class> <!-- remoteTesting.dockervalidation.chromeTest1 -->
    </test> <!-- Test -->
  </suite> <!-- Suite -->
</testng-results>
